<?xml version="1.0" encoding="utf-8"?><testsuites name="pytest tests"><testsuite name="pytest" errors="0" failures="0" skipped="0" tests="27" time="6.647" timestamp="2026-06-09T14:21:14.368572+00:00" hostname="agent-env-bcbabe53-d3aa-4c31-9d50-1881222b0ce5"><testcase classname="backend.tests.backend_test.TestAuth" name="test_register_returns_token_and_user" time="0.573" /><testcase classname="backend.tests.backend_test.TestAuth" name="test_register_duplicate_returns_409" time="0.145" /><testcase classname="backend.tests.backend_test.TestAuth" name="test_admin_login" time="0.354" /><testcase classname="backend.tests.backend_test.TestAuth" name="test_login_wrong_password" time="0.375" /><testcase classname="backend.tests.backend_test.TestAuth" name="test_me_with_bearer" time="0.137" /><testcase classname="backend.tests.backend_test.TestAuth" name="test_me_without_token" time="0.120" /><testcase classname="backend.tests.backend_test.TestAuth" name="test_profile_update" time="0.187" /><testcase classname="backend.tests.backend_test.TestSignals" name="test_create_signal_defaults" time="0.127" /><testcase classname="backend.tests.backend_test.TestSignals" name="test_list_nearby_includes_signal" time="0.121" /><testcase classname="backend.tests.backend_test.TestSignals" name="test_list_filters_far_signals" time="0.092" /><testcase classname="backend.tests.backend_test.TestSignals" name="test_get_signal_by_id" time="0.266" /><testcase classname="backend.tests.backend_test.TestSignals" name="test_respond_by_different_user" time="0.582" /><testcase classname="backend.tests.backend_test.TestSignals" name="test_resolve_by_non_owner_forbidden" time="0.107" /><testcase classname="backend.tests.backend_test.TestMessages" name="test_post_and_list_messages" time="0.373" /><testcase classname="backend.tests.backend_test.TestWebSocket" name="test_ws_invalid_token_closes" time="0.138" /><testcase classname="backend.tests.backend_test.TestWebSocket" name="test_ws_ack_and_pong" time="0.143" /><testcase classname="backend.tests.backend_test.TestResolve" name="test_owner_resolves" time="0.111" /><testcase classname="backend.tests.backend_test.TestSignalsHistory" name="test_requires_auth" time="0.261" /><testcase classname="backend.tests.backend_test.TestSignalsHistory" name="test_history_default_returns_user_signals" time="0.152" /><testcase classname="backend.tests.backend_test.TestSignalsHistory" name="test_history_role_created" time="0.144" /><testcase classname="backend.tests.backend_test.TestSignalsHistory" name="test_history_role_responded" time="0.172" /><testcase classname="backend.tests.backend_test.TestSignalsHistory" name="test_history_status_active_filter" time="0.317" /><testcase classname="backend.tests.backend_test.TestSignalsHistory" name="test_history_status_resolved_filter" time="0.411" /><testcase classname="backend.tests.backend_test.TestSignalsHistory" name="test_history_admin_no_signals_empty" time="0.075" /><testcase classname="backend.tests.backend_test.TestSignalsHistory" name="test_get_signal_by_id_regression" time="0.109" /><testcase classname="backend.tests.backend_test.TestSignalsHistory" name="test_get_signal_history_literal_path_not_treated_as_id" time="0.115" /><testcase classname="backend.tests.backend_test.TestVoiceUpload" name="test_voice_multipart_upload" time="0.837" /></testsuite></testsuites>