<?xml version="1.0" encoding="utf-8"?><testsuites name="pytest tests"><testsuite name="pytest" errors="0" failures="2" skipped="0" tests="19" time="45.786" timestamp="2026-06-09T13:57:37.230038+00:00" hostname="agent-env-bcbabe53-d3aa-4c31-9d50-1881222b0ce5"><testcase classname="backend.tests.backend_test.TestAuth" name="test_register_returns_token_and_user" time="0.961"><failure message="AssertionError: assert 'test_a_3f29a...thorahelp.app' == 'TEST_a_3f29a...thorahelp.app'&#10;  &#10;  - TEST_a_3f29abca@thorahelp.app&#10;  ? ^^^^&#10;  + test_a_3f29abca@thorahelp.app&#10;  ? ^^^^">backend/tests/backend_test.py:64: in test_register_returns_token_and_user
    assert user_a["user"]["email"] == user_a["email"]
E   AssertionError: assert 'test_a_3f29a...thorahelp.app' == 'TEST_a_3f29a...thorahelp.app'
E     
E     - TEST_a_3f29abca@thorahelp.app
E     ? ^^^^
E     + test_a_3f29abca@thorahelp.app
E     ? ^^^^</failure></testcase><testcase classname="backend.tests.backend_test.TestAuth" name="test_register_duplicate_returns_409" time="0.127" /><testcase classname="backend.tests.backend_test.TestAuth" name="test_admin_login" time="0.397" /><testcase classname="backend.tests.backend_test.TestAuth" name="test_login_wrong_password" time="0.485" /><testcase classname="backend.tests.backend_test.TestAuth" name="test_me_with_bearer" time="0.125"><failure message="AssertionError: assert 'test_a_3f29a...thorahelp.app' == 'TEST_a_3f29a...thorahelp.app'&#10;  &#10;  - TEST_a_3f29abca@thorahelp.app&#10;  ? ^^^^&#10;  + test_a_3f29abca@thorahelp.app&#10;  ? ^^^^">backend/tests/backend_test.py:86: in test_me_with_bearer
    assert r.json()["email"] == user_a["email"]
E   AssertionError: assert 'test_a_3f29a...thorahelp.app' == 'TEST_a_3f29a...thorahelp.app'
E     
E     - TEST_a_3f29abca@thorahelp.app
E     ? ^^^^
E     + test_a_3f29abca@thorahelp.app
E     ? ^^^^</failure></testcase><testcase classname="backend.tests.backend_test.TestAuth" name="test_me_without_token" time="0.236" /><testcase classname="backend.tests.backend_test.TestAuth" name="test_profile_update" time="0.235" /><testcase classname="backend.tests.backend_test.TestSignals" name="test_create_signal_defaults" time="1.139" /><testcase classname="backend.tests.backend_test.TestSignals" name="test_list_nearby_includes_signal" time="0.098" /><testcase classname="backend.tests.backend_test.TestSignals" name="test_list_filters_far_signals" time="0.144" /><testcase classname="backend.tests.backend_test.TestSignals" name="test_get_signal_by_id" time="0.198" /><testcase classname="backend.tests.backend_test.TestSignals" name="test_respond_by_different_user" time="0.636" /><testcase classname="backend.tests.backend_test.TestSignals" name="test_resolve_by_non_owner_forbidden" time="0.161" /><testcase classname="backend.tests.backend_test.TestMessages" name="test_post_and_list_messages" time="0.363" /><testcase classname="backend.tests.backend_test.TestWebSocket" name="test_ws_invalid_token_closes" time="0.152" /><testcase classname="backend.tests.backend_test.TestWebSocket" name="test_ws_ack_and_pong" time="0.134" /><testcase classname="backend.tests.backend_test.TestResolve" name="test_owner_resolves" time="0.092" /><testcase classname="backend.tests.backend_test.TestVoiceUpload" name="test_voice_multipart_upload" time="0.830" /><testcase classname="backend.tests.backend_test.TestEscalation" name="test_radius_escalates_after_30s" time="39.153" /></testsuite></testsuites>